WARNING: You're using the Ruby-based MySQL library that ships with Rails. This library is not suited for production. Please install the C-based MySQL library instead (gem install mysql).
  [4;36;1mSQL (0.000000)[0m   [0;1mSET SQL_AUTO_IS_NULL=0[0m
  [4;35;1mSQL (0.081000)[0m   [0mCREATE TABLE `schema_info` (version int(11))[0m
  [4;36;1mSQL (0.016000)[0m   [0;1mINSERT INTO `schema_info` (version) VALUES(0)[0m
  [4;35;1mSQL (0.000000)[0m   [0mMysql::Error: #42S01Table 'schema_info' already exists: CREATE TABLE `schema_info` (version int(11))[0m
  [4;36;1mSQL (0.001000)[0m   [0;1mSELECT version FROM schema_info[0m
Migrating to CreateArticlesTable (1)
  [4;35;1mSQL (0.080000)[0m   [0mCREATE TABLE `articles` (`id` int(11) DEFAULT NULL auto_increment PRIMARY KEY, `title` varchar(255) DEFAULT NULL, `body` text DEFAULT NULL, `created_at` datetime DEFAULT NULL, `updated_at` datetime DEFAULT NULL) ENGINE=InnoDB[0m
  [4;36;1mSQL (0.011000)[0m   [0;1mUPDATE schema_info SET version = 1[0m
  [4;35;1mSQL (0.001000)[0m   [0mSELECT * FROM schema_info[0m
  [4;36;1mSQL (0.001000)[0m   [0;1mSHOW TABLES[0m
  [4;35;1mSQL (0.008000)[0m   [0mSHOW FIELDS FROM `articles`[0m
  [4;36;1mSQL (0.006000)[0m   [0;1mdescribe `articles`[0m
  [4;35;1mSQL (0.002000)[0m   [0mSHOW KEYS FROM `articles`[0m
WARNING: You're using the Ruby-based MySQL library that ships with Rails. This library is not suited for production. Please install the C-based MySQL library instead (gem install mysql).
  [4;36;1mSQL (0.000000)[0m   [0;1mSET SQL_AUTO_IS_NULL=0[0m
  [4;35;1mSQL (0.000000)[0m   [0mMysql::Error: #42S01Table 'schema_info' already exists: CREATE TABLE `schema_info` (version int(11))[0m
  [4;36;1mSQL (0.000000)[0m   [0;1mMysql::Error: #42S01Table 'schema_info' already exists: CREATE TABLE `schema_info` (version int(11))[0m
  [4;35;1mSQL (0.001000)[0m   [0mSELECT version FROM schema_info[0m
  [4;36;1mSQL (0.000000)[0m   [0;1mSELECT version FROM schema_info[0m
Migrating to CreateArticles (2)
  [4;35;1mSQL (0.000000)[0m   [0mMysql::Error: #42S01Table 'articles' already exists: CREATE TABLE `articles` (`id` int(11) DEFAULT NULL auto_increment PRIMARY KEY, `created_at` datetime DEFAULT NULL, `updated_at` datetime DEFAULT NULL) ENGINE=InnoDB[0m
WARNING: You're using the Ruby-based MySQL library that ships with Rails. This library is not suited for production. Please install the C-based MySQL library instead (gem install mysql).
  [4;36;1mSQL (0.000000)[0m   [0;1mSET SQL_AUTO_IS_NULL=0[0m


Processing ArticlesController#index (for 127.0.0.1 at 2011-04-17 12:45:20) [GET]
  Session ID: 807549aaea0fe717769cd8c3c7113b3b
  Parameters: {"action"=>"index", "controller"=>"articles"}
WARNING: You're using the Ruby-based MySQL library that ships with Rails. This library is not suited for production. Please install the C-based MySQL library instead (gem install mysql).
  [4;36;1mSQL (0.000000)[0m   [0;1mSET NAMES 'utf8'[0m
  [4;35;1mSQL (0.001000)[0m   [0mSET SQL_AUTO_IS_NULL=0[0m
  [4;36;1mArticle Load (0.005000)[0m   [0;1mSELECT * FROM `articles` [0m
Rendering template within layouts/articles
Rendering articles/index
  [4;35;1mArticle Columns (0.003000)[0m   [0mSHOW FIELDS FROM `articles`[0m
Completed in 0.02500 (39 reqs/sec) | Rendering: 0.00800 (32%) | DB: 0.00900 (35%) | 200 OK [http://localhost/articles]


Processing ArticlesController#show (for 127.0.0.1 at 2011-04-17 12:45:32) [GET]
  Session ID: BAh7BzoMY3NyZl9pZCIlYjgxYmZjODU0YWU1ODA0MjU3Y2IwMTNjZWYzZjUw%0ANGMiCmZsYXNoSUM6J0FjdGlvbkNvbnRyb2xsZXI6OkZsYXNoOjpGbGFzaEhh%0Ac2h7AAY6CkB1c2VkewA%3D--8d8bc98414d2aa2d4c7591725ccfd2ab8613e2d0
  Parameters: {"action"=>"show", "id"=>"1", "controller"=>"articles"}
  [4;36;1mArticle Columns (0.005000)[0m   [0;1mSHOW FIELDS FROM `articles`[0m
  [4;35;1mArticle Load (0.001000)[0m   [0mSELECT * FROM `articles` WHERE (`articles`.`id` = 1) [0m
Rendering template within layouts/articles
Rendering articles/show
Completed in 0.02400 (41 reqs/sec) | Rendering: 0.00400 (16%) | DB: 0.00600 (25%) | 200 OK [http://localhost/articles/1]


Processing ArticlesController#index (for 127.0.0.1 at 2011-04-17 12:45:35) [GET]
  Session ID: BAh7BzoMY3NyZl9pZCIlYjgxYmZjODU0YWU1ODA0MjU3Y2IwMTNjZWYzZjUw%0ANGMiCmZsYXNoSUM6J0FjdGlvbkNvbnRyb2xsZXI6OkZsYXNoOjpGbGFzaEhh%0Ac2h7AAY6CkB1c2VkewA%3D--8d8bc98414d2aa2d4c7591725ccfd2ab8613e2d0
  Parameters: {"action"=>"index", "controller"=>"articles"}
  [4;36;1mArticle Load (0.001000)[0m   [0;1mSELECT * FROM `articles` [0m
Rendering template within layouts/articles
Rendering articles/index
  [4;35;1mArticle Columns (0.003000)[0m   [0mSHOW FIELDS FROM `articles`[0m
Completed in 0.02200 (45 reqs/sec) | Rendering: 0.00500 (22%) | DB: 0.00400 (18%) | 200 OK [http://localhost/articles]


Processing ArticlesController#edit (for 127.0.0.1 at 2011-04-17 12:45:43) [GET]
  Session ID: BAh7BzoMY3NyZl9pZCIlYjgxYmZjODU0YWU1ODA0MjU3Y2IwMTNjZWYzZjUw%0ANGMiCmZsYXNoSUM6J0FjdGlvbkNvbnRyb2xsZXI6OkZsYXNoOjpGbGFzaEhh%0Ac2h7AAY6CkB1c2VkewA%3D--8d8bc98414d2aa2d4c7591725ccfd2ab8613e2d0
  Parameters: {"action"=>"edit", "id"=>"1", "controller"=>"articles"}
  [4;36;1mArticle Columns (0.003000)[0m   [0;1mSHOW FIELDS FROM `articles`[0m
  [4;35;1mArticle Load (0.001000)[0m   [0mSELECT * FROM `articles` WHERE (`articles`.`id` = 1) [0m
Rendering template within layouts/articles
Rendering articles/edit
Completed in 0.02200 (45 reqs/sec) | Rendering: 0.00500 (22%) | DB: 0.00400 (18%) | 200 OK [http://localhost/articles/1/edit]


Processing ArticlesController#update (for 127.0.0.1 at 2011-04-17 12:45:46) [PUT]
  Session ID: BAh7BzoMY3NyZl9pZCIlYjgxYmZjODU0YWU1ODA0MjU3Y2IwMTNjZWYzZjUw%0ANGMiCmZsYXNoSUM6J0FjdGlvbkNvbnRyb2xsZXI6OkZsYXNoOjpGbGFzaEhh%0Ac2h7AAY6CkB1c2VkewA%3D--8d8bc98414d2aa2d4c7591725ccfd2ab8613e2d0
  Parameters: {"commit"=>"Update", "authenticity_token"=>"59eb6e3fc7fb607453d85b6bae445fb4962e79ce", "_method"=>"put", "action"=>"update", "id"=>"1", "controller"=>"articles"}
  [4;36;1mArticle Columns (0.005000)[0m   [0;1mSHOW FIELDS FROM `articles`[0m
  [4;35;1mArticle Load (0.002000)[0m   [0mSELECT * FROM `articles` WHERE (`articles`.`id` = 1) [0m
  [4;36;1mSQL (0.000000)[0m   [0;1mBEGIN[0m
  [4;35;1mArticle Update (0.001000)[0m   [0mUPDATE `articles` SET `created_at` = '2011-04-17 12:44:30', `title` = 'Article 1', `body` = 'Body text body text body text body text body text body text body text body text body text body text.', `updated_at` = '2011-04-17 12:45:46' WHERE `id` = 1[0m
  [4;36;1mSQL (0.033000)[0m   [0;1mCOMMIT[0m
Redirected to http://localhost:3000/articles/1
Completed in 0.05800 (17 reqs/sec) | DB: 0.04100 (70%) | 302 Found [http://localhost/articles/1]


Processing ArticlesController#show (for 127.0.0.1 at 2011-04-17 12:45:47) [GET]
  Session ID: BAh7BzoMY3NyZl9pZCIlYjgxYmZjODU0YWU1ODA0MjU3Y2IwMTNjZWYzZjUw%0ANGMiCmZsYXNoSUM6J0FjdGlvbkNvbnRyb2xsZXI6OkZsYXNoOjpGbGFzaEhh%0Ac2h7BjoLbm90aWNlIiZBcnRpY2xlIHdhcyBzdWNjZXNzZnVsbHkgdXBkYXRl%0AZC4GOgpAdXNlZHsGOwdU--3cedcc8b82bdeb129d05e508264bfbcb9bca7b0d
  Parameters: {"action"=>"show", "id"=>"1", "controller"=>"articles"}
  [4;35;1mArticle Columns (0.003000)[0m   [0mSHOW FIELDS FROM `articles`[0m
  [4;36;1mArticle Load (0.001000)[0m   [0;1mSELECT * FROM `articles` WHERE (`articles`.`id` = 1) [0m
Rendering template within layouts/articles
Rendering articles/show
Completed in 0.01700 (58 reqs/sec) | Rendering: 0.00300 (17%) | DB: 0.00400 (23%) | 200 OK [http://localhost/articles/1]


Processing ArticlesController#show (for 127.0.0.1 at 2011-04-17 12:45:48) [GET]
  Session ID: BAh7BzoMY3NyZl9pZCIlYjgxYmZjODU0YWU1ODA0MjU3Y2IwMTNjZWYzZjUw%0ANGMiCmZsYXNoSUM6J0FjdGlvbkNvbnRyb2xsZXI6OkZsYXNoOjpGbGFzaEhh%0Ac2h7AAY6CkB1c2VkewA%3D--8d8bc98414d2aa2d4c7591725ccfd2ab8613e2d0
  Parameters: {"action"=>"show", "id"=>"1", "controller"=>"articles"}
  [4;35;1mArticle Columns (0.004000)[0m   [0mSHOW FIELDS FROM `articles`[0m
  [4;36;1mArticle Load (0.001000)[0m   [0;1mSELECT * FROM `articles` WHERE (`articles`.`id` = 1) [0m
Rendering template within layouts/articles
Rendering articles/show
Completed in 0.01600 (62 reqs/sec) | Rendering: 0.00300 (18%) | DB: 0.00500 (31%) | 200 OK [http://localhost/articles/1]


Processing ArticlesController#index (for 127.0.0.1 at 2011-04-17 12:45:51) [GET]
  Session ID: BAh7BzoMY3NyZl9pZCIlYjgxYmZjODU0YWU1ODA0MjU3Y2IwMTNjZWYzZjUw%0ANGMiCmZsYXNoSUM6J0FjdGlvbkNvbnRyb2xsZXI6OkZsYXNoOjpGbGFzaEhh%0Ac2h7AAY6CkB1c2VkewA%3D--8d8bc98414d2aa2d4c7591725ccfd2ab8613e2d0
  Parameters: {"action"=>"index", "controller"=>"articles"}
  [4;35;1mArticle Load (0.001000)[0m   [0mSELECT * FROM `articles` [0m
Rendering template within layouts/articles
Rendering articles/index
  [4;36;1mArticle Columns (0.004000)[0m   [0;1mSHOW FIELDS FROM `articles`[0m
Completed in 0.02500 (39 reqs/sec) | Rendering: 0.00600 (24%) | DB: 0.00500 (20%) | 200 OK [http://localhost/articles]


Processing ArticlesController#new (for 127.0.0.1 at 2011-04-17 12:45:54) [GET]
  Session ID: BAh7BzoMY3NyZl9pZCIlYjgxYmZjODU0YWU1ODA0MjU3Y2IwMTNjZWYzZjUw%0ANGMiCmZsYXNoSUM6J0FjdGlvbkNvbnRyb2xsZXI6OkZsYXNoOjpGbGFzaEhh%0Ac2h7AAY6CkB1c2VkewA%3D--8d8bc98414d2aa2d4c7591725ccfd2ab8613e2d0
  Parameters: {"action"=>"new", "controller"=>"articles"}
  [4;35;1mArticle Columns (0.003000)[0m   [0mSHOW FIELDS FROM `articles`[0m
Rendering template within layouts/articles
Rendering articles/new
Completed in 0.01700 (58 reqs/sec) | Rendering: 0.00500 (29%) | DB: 0.00300 (17%) | 200 OK [http://localhost/articles/new]


Processing ArticlesController#create (for 127.0.0.1 at 2011-04-17 12:45:57) [POST]
  Session ID: BAh7BzoMY3NyZl9pZCIlYjgxYmZjODU0YWU1ODA0MjU3Y2IwMTNjZWYzZjUw%0ANGMiCmZsYXNoSUM6J0FjdGlvbkNvbnRyb2xsZXI6OkZsYXNoOjpGbGFzaEhh%0Ac2h7AAY6CkB1c2VkewA%3D--8d8bc98414d2aa2d4c7591725ccfd2ab8613e2d0
  Parameters: {"commit"=>"Create", "authenticity_token"=>"59eb6e3fc7fb607453d85b6bae445fb4962e79ce", "action"=>"create", "controller"=>"articles"}
  [4;36;1mArticle Columns (0.003000)[0m   [0;1mSHOW FIELDS FROM `articles`[0m
  [4;35;1mSQL (0.001000)[0m   [0mBEGIN[0m
  [4;36;1mArticle Create (0.001000)[0m   [0;1mINSERT INTO `articles` (`updated_at`, `body`, `title`, `created_at`) VALUES('2011-04-17 12:45:57', NULL, NULL, '2011-04-17 12:45:57')[0m
  [4;35;1mSQL (0.033000)[0m   [0mCOMMIT[0m
Redirected to http://localhost:3000/articles/3
Completed in 0.04900 (20 reqs/sec) | DB: 0.03800 (77%) | 302 Found [http://localhost/articles]


Processing ArticlesController#show (for 127.0.0.1 at 2011-04-17 12:45:59) [GET]
  Session ID: BAh7BzoMY3NyZl9pZCIlYjgxYmZjODU0YWU1ODA0MjU3Y2IwMTNjZWYzZjUw%0ANGMiCmZsYXNoSUM6J0FjdGlvbkNvbnRyb2xsZXI6OkZsYXNoOjpGbGFzaEhh%0Ac2h7BjoLbm90aWNlIiZBcnRpY2xlIHdhcyBzdWNjZXNzZnVsbHkgY3JlYXRl%0AZC4GOgpAdXNlZHsGOwdU--1ca7520c03bd5b293f56082072bd1a25826a1e7d
  Parameters: {"action"=>"show", "id"=>"3", "controller"=>"articles"}
  [4;36;1mArticle Columns (0.003000)[0m   [0;1mSHOW FIELDS FROM `articles`[0m
  [4;35;1mArticle Load (0.000000)[0m   [0mSELECT * FROM `articles` WHERE (`articles`.`id` = 3) [0m
Rendering template within layouts/articles
Rendering articles/show
Completed in 0.01600 (62 reqs/sec) | Rendering: 0.00300 (18%) | DB: 0.00300 (18%) | 200 OK [http://localhost/articles/3]


Processing ArticlesController#index (for 127.0.0.1 at 2011-04-17 12:46:02) [GET]
  Session ID: BAh7BzoMY3NyZl9pZCIlYjgxYmZjODU0YWU1ODA0MjU3Y2IwMTNjZWYzZjUw%0ANGMiCmZsYXNoSUM6J0FjdGlvbkNvbnRyb2xsZXI6OkZsYXNoOjpGbGFzaEhh%0Ac2h7AAY6CkB1c2VkewA%3D--8d8bc98414d2aa2d4c7591725ccfd2ab8613e2d0
  Parameters: {"action"=>"index", "controller"=>"articles"}
  [4;36;1mArticle Load (0.001000)[0m   [0;1mSELECT * FROM `articles` [0m
Rendering template within layouts/articles
Rendering articles/index
  [4;35;1mArticle Columns (0.005000)[0m   [0mSHOW FIELDS FROM `articles`[0m
Completed in 0.02700 (37 reqs/sec) | Rendering: 0.00800 (29%) | DB: 0.00600 (22%) | 200 OK [http://localhost/articles]
